ResNet(
  (conv1): Conv2d(3, 64, kernel_size=(7, 7), stride=(2, 2), padding=(3, 3), bias=False)
  (bn1): BatchNorm2d(64, eps=1e-05, momentum=0.1, affine=True, track_running_stats=True)
  (relu): ReLU(inplace=True)
  (maxpool): MaxPool2d(kernel_size=3, stride=2, padding=1, dilation=1, ceil_mode=False)
  (layer1): Sequential(
    (0): BasicBlock(
      (conv1): Conv2d(64, 64, kernel_size=(3, 3), stride=(1, 1), padding=(1, 1), bias=False)
      (bn1): BatchNorm2d(64, eps=1e-05, momentum=0.1, affine=True, track_running_stats=True)
      (relu): ReLU(inplace=True)
      (conv2): Conv2d(64, 64, kernel_size=(3, 3), stride=(1, 1), padding=(1, 1), bias=False)
      (bn2): BatchNorm2d(64, eps=1e-05, momentum=0.1, affine=True, track_running_stats=True)
    )
    (1): BasicBlock(
      (conv1): Conv2d(64, 64, kernel_size=(3, 3), stride=(1, 1), padding=(1, 1), bias=False)
      (bn1): BatchNorm2d(64, eps=1e-05, momentum=0.1, affine=True, track_running_stats=True)
      (relu): ReLU(inplace=True)
      (conv2): Conv2d(64, 64, kernel_size=(3, 3), stride=(1, 1), padding=(1, 1), bias=False)
      (bn2): BatchNorm2d(64, eps=1e-05, momentum=0.1, affine=True, track_running_stats=True)
    )
  )
  (layer2): Sequential(
    (0): BasicBlock(
      (conv1): Conv2d(64, 128, kernel_size=(3, 3), stride=(2, 2), padding=(1, 1), bias=False)
      (bn1): BatchNorm2d(128, eps=1e-05, momentum=0.1, affine=True, track_running_stats=True)
      (relu): ReLU(inplace=True)
      (conv2): Conv2d(128, 128, kernel_size=(3, 3), stride=(1, 1), padding=(1, 1), bias=False)
      (bn2): BatchNorm2d(128, eps=1e-05, momentum=0.1, affine=True, track_running_stats=True)
      (downsample): Sequential(
        (0): Conv2d(64, 128, kernel_size=(1, 1), stride=(2, 2), bias=False)
        (1): BatchNorm2d(128, eps=1e-05, momentum=0.1, affine=True, track_running_stats=True)
      )
    )
    (1): BasicBlock(
      (conv1): Conv2d(128, 128, kernel_size=(3, 3), stride=(1, 1), padding=(1, 1), bias=False)
      (bn1): BatchNorm2d(128, eps=1e-05, momentum=0.1, affine=True, track_running_stats=True)
      (relu): ReLU(inplace=True)
      (conv2): Conv2d(128, 128, kernel_size=(3, 3), stride=(1, 1), padding=(1, 1), bias=False)
      (bn2): BatchNorm2d(128, eps=1e-05, momentum=0.1, affine=True, track_running_stats=True)
    )
  )
  (layer3): Sequential(
    (0): BasicBlock(
      (conv1): Conv2d(128, 256, kernel_size=(3, 3), stride=(2, 2), padding=(1, 1), bias=False)
      (bn1): BatchNorm2d(256, eps=1e-05, momentum=0.1, affine=True, track_running_stats=True)
      (relu): ReLU(inplace=True)
      (conv2): Conv2d(256, 256, kernel_size=(3, 3), stride=(1, 1), padding=(1, 1), bias=False)
      (bn2): BatchNorm2d(256, eps=1e-05, momentum=0.1, affine=True, track_running_stats=True)
      (downsample): Sequential(
        (0): Conv2d(128, 256, kernel_size=(1, 1), stride=(2, 2), bias=False)
        (1): BatchNorm2d(256, eps=1e-05, momentum=0.1, affine=True, track_running_stats=True)
      )
    )
    (1): BasicBlock(
      (conv1): Conv2d(256, 256, kernel_size=(3, 3), stride=(1, 1), padding=(1, 1), bias=False)
      (bn1): BatchNorm2d(256, eps=1e-05, momentum=0.1, affine=True, track_running_stats=True)
      (relu): ReLU(inplace=True)
      (conv2): Conv2d(256, 256, kernel_size=(3, 3), stride=(1, 1), padding=(1, 1), bias=False)
      (bn2): BatchNorm2d(256, eps=1e-05, momentum=0.1, affine=True, track_running_stats=True)
    )
  )
  (layer4): Sequential(
    (0): BasicBlock(
      (conv1): Conv2d(256, 512, kernel_size=(3, 3), stride=(2, 2), padding=(1, 1), bias=False)
      (bn1): BatchNorm2d(512, eps=1e-05, momentum=0.1, affine=True, track_running_stats=True)
      (relu): ReLU(inplace=True)
      (conv2): Conv2d(512, 512, kernel_size=(3, 3), stride=(1, 1), padding=(1, 1), bias=False)
      (bn2): BatchNorm2d(512, eps=1e-05, momentum=0.1, affine=True, track_running_stats=True)
      (downsample): Sequential(
        (0): Conv2d(256, 512, kernel_size=(1, 1), stride=(2, 2), bias=False)
        (1): BatchNorm2d(512, eps=1e-05, momentum=0.1, affine=True, track_running_stats=True)
      )
    )
    (1): BasicBlock(
      (conv1): Conv2d(512, 512, kernel_size=(3, 3), stride=(1, 1), padding=(1, 1), bias=False)
      (bn1): BatchNorm2d(512, eps=1e-05, momentum=0.1, affine=True, track_running_stats=True)
      (relu): ReLU(inplace=True)
      (conv2): Conv2d(512, 512, kernel_size=(3, 3), stride=(1, 1), padding=(1, 1), bias=False)
      (bn2): BatchNorm2d(512, eps=1e-05, momentum=0.1, affine=True, track_running_stats=True)
    )
  )
  (avgpool): AdaptiveAvgPool2d(output_size=(1, 1))
  (fc): Sequential(
    (0): Flatten(start_dim=1, end_dim=-1)
    (1): Linear(in_features=512, out_features=512, bias=True)
  )
)
Model tested on 500 tasks. Accuracy: 81.46%
Epoch 0
Model tested on 100 tasks. Accuracy: 67.80%
Model tested on 100 tasks. Accuracy: 69.60%
We found a new best model! with val accuracy 0.678
Epoch 1
Model tested on 100 tasks. Accuracy: 76.00%
Model tested on 100 tasks. Accuracy: 73.90%
We found a new best model! with val accuracy 0.76
Epoch 2
Model tested on 100 tasks. Accuracy: 75.50%
Model tested on 100 tasks. Accuracy: 74.10%
Epoch 3
Model tested on 100 tasks. Accuracy: 76.30%
Model tested on 100 tasks. Accuracy: 73.80%
We found a new best model! with val accuracy 0.763
Epoch 4
Model tested on 100 tasks. Accuracy: 77.40%
Model tested on 100 tasks. Accuracy: 75.10%
We found a new best model! with val accuracy 0.774
Epoch 5
Model tested on 100 tasks. Accuracy: 76.80%
Model tested on 100 tasks. Accuracy: 77.00%
Epoch 6
Model tested on 100 tasks. Accuracy: 77.20%
Model tested on 100 tasks. Accuracy: 75.60%
Epoch 7
Model tested on 100 tasks. Accuracy: 74.40%
Model tested on 100 tasks. Accuracy: 71.80%
Epoch 8
Model tested on 100 tasks. Accuracy: 69.80%
Model tested on 100 tasks. Accuracy: 69.30%
Epoch 9
Model tested on 100 tasks. Accuracy: 74.10%
Model tested on 100 tasks. Accuracy: 75.00%
Epoch 10
Model tested on 100 tasks. Accuracy: 75.00%
Model tested on 100 tasks. Accuracy: 77.70%
Epoch 11
Model tested on 100 tasks. Accuracy: 74.80%
Model tested on 100 tasks. Accuracy: 74.10%
Epoch 12
Model tested on 100 tasks. Accuracy: 71.80%
Model tested on 100 tasks. Accuracy: 77.30%
Epoch 13
Model tested on 100 tasks. Accuracy: 71.30%
Model tested on 100 tasks. Accuracy: 81.70%
Epoch 14
Model tested on 100 tasks. Accuracy: 75.00%
Model tested on 100 tasks. Accuracy: 76.30%
Epoch 15
Model tested on 100 tasks. Accuracy: 75.60%
Model tested on 100 tasks. Accuracy: 76.20%
Epoch 16
Model tested on 100 tasks. Accuracy: 72.70%
Model tested on 100 tasks. Accuracy: 72.50%
Epoch 17
Model tested on 100 tasks. Accuracy: 71.90%
Model tested on 100 tasks. Accuracy: 73.80%
Epoch 18
Model tested on 100 tasks. Accuracy: 70.70%
Model tested on 100 tasks. Accuracy: 70.30%
Epoch 19
Model tested on 100 tasks. Accuracy: 76.90%
Model tested on 100 tasks. Accuracy: 72.60%
Epoch 20
Model tested on 100 tasks. Accuracy: 74.70%
Model tested on 100 tasks. Accuracy: 73.80%
Epoch 21
Model tested on 100 tasks. Accuracy: 75.10%
Model tested on 100 tasks. Accuracy: 77.30%
Epoch 22
Model tested on 100 tasks. Accuracy: 73.30%
Model tested on 100 tasks. Accuracy: 74.00%
Epoch 23
Model tested on 100 tasks. Accuracy: 75.80%
Model tested on 100 tasks. Accuracy: 71.70%
Epoch 24
Model tested on 100 tasks. Accuracy: 69.20%
Model tested on 100 tasks. Accuracy: 75.00%
Epoch 25
Model tested on 100 tasks. Accuracy: 71.80%
Model tested on 100 tasks. Accuracy: 73.30%
Epoch 26
Model tested on 100 tasks. Accuracy: 73.60%
Model tested on 100 tasks. Accuracy: 77.50%
Epoch 27
Model tested on 100 tasks. Accuracy: 77.20%
Model tested on 100 tasks. Accuracy: 77.20%
Epoch 28
Model tested on 100 tasks. Accuracy: 78.10%
Model tested on 100 tasks. Accuracy: 75.30%
We found a new best model! with val accuracy 0.781
Epoch 29
Model tested on 100 tasks. Accuracy: 75.30%
Model tested on 100 tasks. Accuracy: 74.90%
Epoch 30
Model tested on 100 tasks. Accuracy: 75.30%
Model tested on 100 tasks. Accuracy: 77.00%
Epoch 31
Model tested on 100 tasks. Accuracy: 79.10%
Model tested on 100 tasks. Accuracy: 74.00%
We found a new best model! with val accuracy 0.791
Epoch 32
Model tested on 100 tasks. Accuracy: 74.70%
Model tested on 100 tasks. Accuracy: 76.70%
Epoch 33
Model tested on 100 tasks. Accuracy: 78.50%
Model tested on 100 tasks. Accuracy: 77.30%
Epoch 34
Model tested on 100 tasks. Accuracy: 77.70%
Model tested on 100 tasks. Accuracy: 77.30%
Epoch 35
Model tested on 100 tasks. Accuracy: 75.90%
Model tested on 100 tasks. Accuracy: 73.50%
Epoch 36
Model tested on 100 tasks. Accuracy: 73.90%
Model tested on 100 tasks. Accuracy: 75.90%
Epoch 37
Model tested on 100 tasks. Accuracy: 75.80%
Model tested on 100 tasks. Accuracy: 77.20%
Epoch 38
Model tested on 100 tasks. Accuracy: 76.60%
Model tested on 100 tasks. Accuracy: 79.50%
Epoch 39
Model tested on 100 tasks. Accuracy: 75.60%
Model tested on 100 tasks. Accuracy: 77.50%
Model tested on 500 tasks. Accuracy: 48.65%
